Not searching for unused variables given on the command line.
[36m--[0m The C compiler identification is GNU 9.4.0
[36m--[0m The CXX compiler identification is GNU 9.4.0
[36m--[0m Check for working C compiler: /usr/bin/cc
[36m--[0m Check for working C compiler: /usr/bin/cc -- works
[36m--[0m Detecting C compiler ABI info
[36m--[0m Detecting C compiler ABI info - done
[36m--[0m Detecting C compile features
[36m--[0m Detecting C compile features - done
[36m--[0m Check for working CXX compiler: /usr/bin/c++
[36m--[0m Check for working CXX compiler: /usr/bin/c++ -- works
[36m--[0m Detecting CXX compiler ABI info
[36m--[0m Detecting CXX compiler ABI info - done
[36m--[0m Detecting CXX compile features
[36m--[0m Detecting CXX compile features - done
[36m--[0m livox_ros_driver2 version: 1.2.4
[31m[1mCMake Error[0m at /home/ybw/Code/Sentry25NAVI/src/livox_ros_driver2-master/CMakeLists.txt:224 (find_package):
  By not providing "Findament_cmake_auto.cmake" in CMAKE_MODULE_PATH this
  project has asked CMake to find a package configuration file provided by
  "ament_cmake_auto", but CMake did not find one.

  Could not find a package configuration file provided by "ament_cmake_auto"
  with any of the following names:

    ament_cmake_autoConfig.cmake
    ament_cmake_auto-config.cmake

  Add the installation prefix of "ament_cmake_auto" to CMAKE_PREFIX_PATH or
  set "ament_cmake_auto_DIR" to a directory containing one of the above
  files.  If "ament_cmake_auto" provides a separate development package or
  SDK, be sure it has been installed.


[36m--[0m Configuring incomplete, errors occurred!
See also "/home/ybw/Code/Sentry25NAVI/build/livox_ros_driver2/CMakeFiles/CMakeOutput.log".
